[backblue.gif]
[fade.gif]
[index.html]
[kmidigital.org/wp-includes/css/dist/block-library/style.min75e4.css]
[kmidigital.org/wp-content/plugins/contact-form-7/includes/css/stylesc8d8.css]
[kmidigital.org/comments/feed/index.html]
[kmidigital.org/wp-content/themes/leverage/assets/css/vendor/default-font.min6c17.css]
[kmidigital.org/feed/index.html]
[kmidigital.org/wp-content/themes/leverage/assets/css/vendor/slider.min6c17.css]
[kmidigital.org/wp-content/themes/leverage/assets/css/vendor/bootstrap.min6c17.css]
[kmidigital.org/wp-content/themes/leverage/style6c17.css]
[kmidigital.org/wp-content/themes/leverage/assets/css/vendor/icons.min6c17.css]
[kmidigital.org/wp-content/themes/leverage/assets/css/vendor/animation.min6c17.css]
[kmidigital.org/wp-content/themes/leverage/assets/css/vendor/gallery.min6c17.css]
[kmidigital.org/wp-content/themes/leverage/assets/css/vendor/cookie-notice.min6c17.css]
[kmidigital.org/wp-content/themes/leverage/assets/css/default6c17.css]
[kmidigital.org/wp-content/themes/leverage/assets/css/support/wordpress6c17.css]
[kmidigital.org/wp-content/themes/leverage/assets/css/support/contact-form-76c17.css]
[kmidigital.org/wp-content/plugins/elementor/assets/lib/eicons/css/elementor-icons.min192d.css]
[kmidigital.org/wp-content/plugins/elementor/assets/css/frontend-lite.min8864.css]
[kmidigital.org/wp-content/plugins/elementor/assets/lib/swiper/css/swiper.min48f5.css]
[kmidigital.org/wp-content/uploads/elementor/css/post-9bf39.css]
[kmidigital.org/wp-content/uploads/elementor/css/post-25106ba.css]
[kmidigital.org/wp-content/plugins/essential-addons-for-elementor-lite/assets/front-end/css/view/general.mina774.css]
[kmidigital.org/wp-includes/js/jquery/jquery.minf43b.js]
[kmidigital.org/wp-includes/js/jquery/jquery-migrate.min5589.js]
[kmidigital.org/wp-json/wp/v2/pages/251.json]
[kmidigital.org/wp-json/index.html]
[kmidigital.org/xmlrpc0db0.php]
[kmidigital.org/wp-json/oembed/1.0/embede3d3.json]
[kmidigital.org/wp-json/oembed/1.0/embeda582]
[kmidigital.org/wp-content/uploads/2023/06/cropped-KMI-icon-32x32.png]
[kmidigital.org/wp-content/uploads/2023/06/cropped-KMI-icon-192x192.png]
[kmidigital.org/wp-content/uploads/2023/06/cropped-KMI-icon-180x180.png]
[kmidigital.org/wp-content/uploads/2023/06/cropped-KMI-For-Web-2.png]
[kmidigital.org/wp-content/uploads/2023/01/WhatsApp-Image-2023-01-15-at-11.12.18-min.jpg]
[kmidigital.org/about-us/index.html]
[kmidigital.org/contactus/index.html]
[kmidigital.org/our-services/index.html]
[kmidigital.org/managing-artists-and-labels/index.html]
[kmidigital.org/wp-content/uploads/2021/04/logo-1.png]
[kmidigital.org/music-distribution-and-monetization/index.html]
[kmidigital.org/wp-content/uploads/2021/04/logo-2.png]
[kmidigital.org/dealing-with-royalties-and-copyrights/index.html]
[kmidigital.org/revamping-your-brand-with-our-merchandising/index.html]
[kmidigital.org/wp-content/uploads/2021/04/logo-3.png]
[kmidigital.org/our-mobile-vas/index.html]
[kmidigital.org/artist-verification/index.html]
[kmidigital.org/wp-content/uploads/2021/04/logo-4.png]
[kmidigital.org/wp-content/uploads/2021/04/logo-5.png]
[kmidigital.org/wp-content/uploads/2021/04/logo-6.png]
[kmidigital.org/wp-content/uploads/2021/04/logo-7.png]
[kmidigital.org/wp-content/uploads/2021/04/logo-8.png]
[kmidigital.org/wp-content/uploads/2023/03/WhatsApp-Image-2023-03-31-at-9.08.34-PM-1.jpg]
[kmidigital.org/wp-content/uploads/2023/03/WhatsApp-Image-2023-03-31-at-9.08.34-PM.jpg]
[kmidigital.org/wp-content/uploads/2023/06/KMI-For-Web-1.png]
[kmidigital.org/MW Developers]
[kmidigital.org/wp-content/plugins/contact-form-7/includes/swv/js/indexc8d8.js]
[kmidigital.org/wp-content/plugins/contact-form-7/includes/js/indexc8d8.js]
[kmidigital.org/wp-content/plugins/wp-statistics/assets/js/trackerb997.js]
[kmidigital.org/wp-content/themes/leverage/assets/js/vendor/jquery.easing.min6c17.js]
[kmidigital.org/wp-content/themes/leverage/assets/js/vendor/jquery.inview.min6c17.js]
[kmidigital.org/wp-content/themes/leverage/assets/js/vendor/popper.min6c17.js]
[kmidigital.org/wp-content/themes/leverage/assets/js/vendor/bootstrap.min6c17.js]
[kmidigital.org/wp-content/themes/leverage/assets/js/vendor/ponyfill.min6c17.js]
[kmidigital.org/wp-content/themes/leverage/assets/js/vendor/slider.min6c17.js]
[kmidigital.org/wp-content/themes/leverage/assets/js/vendor/animation.min6c17.js]
[kmidigital.org/wp-content/themes/leverage/assets/js/vendor/progress-radial.min6c17.js]
[kmidigital.org/wp-content/themes/leverage/assets/js/vendor/bricklayer.min6c17.js]
[kmidigital.org/wp-content/themes/leverage/assets/js/vendor/gallery.min6c17.js]
[kmidigital.org/wp-content/themes/leverage/assets/js/vendor/shuffle.min6c17.js]
[kmidigital.org/wp-content/themes/leverage/assets/js/vendor/particles.min6c17.js]
[kmidigital.org/wp-content/themes/leverage/assets/js/vendor/cookie-notice.min6c17.js]
[kmidigital.org/wp-content/themes/leverage/assets/js/main6c17.js]
[kmidigital.org/wp-includes/js/comment-reply.min75e4.js]
[kmidigital.org/wp-content/plugins/essential-addons-for-elementor-lite/assets/front-end/js/view/general.mina774.js]
[kmidigital.org/wp-content/plugins/elementor/assets/js/webpack.runtime.min8864.js]
[kmidigital.org/wp-content/plugins/elementor/assets/js/frontend-modules.min8864.js]
[kmidigital.org/wp-content/plugins/elementor/assets/lib/waypoints/waypoints.min05da.js]
[kmidigital.org/wp-includes/js/jquery/ui/core.min3f14.js]
[kmidigital.org/wp-content/plugins/elementor/assets/js/frontend.min8864.js]
[kmidigital.org/wp-includes/js/underscore.mind584.js]
[kmidigital.org/wp-includes/js/wp-util.min75e4.js]
[kmidigital.org/wp-content/plugins/wpforms-lite/assets/js/integrations/elementor/frontend.minda65.js]
[kmidigital.org/index.html]
[kmidigital.org/wp-includes/css/dist/block-library/style.min75e4.css]
[kmidigital.org/wp-content/plugins/contact-form-7/includes/css/stylesc8d8.css]
[kmidigital.org/wp-content/themes/leverage/assets/fonts/default-font/Default-Light.woff]
[kmidigital.org/wp-content/themes/leverage/assets/fonts/default-font/Default-Light.ttf]
[kmidigital.org/wp-content/themes/leverage/assets/fonts/default-font/Default-Regular.woff]
[kmidigital.org/wp-content/themes/leverage/assets/fonts/default-font/Default-Regular.ttf]
[kmidigital.org/wp-content/themes/leverage/assets/fonts/default-font/Default-Bold.woff]
[kmidigital.org/wp-content/themes/leverage/assets/fonts/default-font/Default-Bold.ttf]
[kmidigital.org/wp-content/themes/leverage/assets/fonts/default-font/Default-Extrabold.woff]
[kmidigital.org/wp-content/themes/leverage/assets/fonts/default-font/Default-Extrabold.ttf]
[kmidigital.org/wp-content/themes/leverage/assets/fonts/default-font/Default-Black.woff]
[kmidigital.org/wp-content/themes/leverage/assets/fonts/default-font/Default-Black.ttf]
[kmidigital.org/wp-content/themes/leverage/assets/fonts/default-font/Default-Heavy.woff]
[kmidigital.org/wp-content/themes/leverage/assets/css/vendor/default-font.min6c17.css]
[kmidigital.org/wp-content/themes/leverage/assets/css/vendor/bootstrap.min6c17.css]
[kmidigital.org/wp-content/themes/leverage/assets/css/vendor/slider.min6c17.css]
[kmidigital.org/wp-content/themes/leverage/style6c17.css]
[kmidigital.org/wp-content/themes/leverage/assets/fonts/default-font/Default-Heavy.ttf]
[kmidigital.org/wp-content/themes/leverage/assets/fonts/icons/Icons-Lineb26c.eot]
[kmidigital.org/wp-content/themes/leverage/assets/fonts/icons/Icons-Lineb26c.woff2]
[kmidigital.org/wp-content/themes/leverage/assets/fonts/icons/Icons-Lineb26c.ttf]
[kmidigital.org/wp-content/themes/leverage/assets/fonts/icons/Icons-Lineb26c.woff]
[kmidigital.org/wp-content/themes/leverage/assets/fonts/icons/Icons-Lineb26c.svg]
[kmidigital.org/wp-content/themes/leverage/assets/css/vendor/icons.min6c17.css]
[kmidigital.org/wp-content/themes/leverage/assets/css/vendor/animation.min6c17.css]
[kmidigital.org/wp-content/themes/leverage/assets/fonts/gallery/Galleryd641.eot]
[kmidigital.org/wp-content/themes/leverage/assets/fonts/gallery/Galleryd41d.eot]
[kmidigital.org/wp-content/themes/leverage/assets/fonts/gallery/Galleryd641.woff]
[kmidigital.org/wp-content/themes/leverage/assets/fonts/gallery/Galleryd641.ttf]
[kmidigital.org/wp-content/themes/leverage/assets/fonts/gallery/Galleryd641.svg]
[kmidigital.org/wp-content/themes/leverage/assets/images/favicon.ico]
[kmidigital.org/wp-content/themes/leverage/assets/images/loading.gif]
[kmidigital.org/wp-content/themes/leverage/assets/css/vendor/gallery.min6c17.css]
[kmidigital.org/wp-content/themes/leverage/assets/css/vendor/cookie-notice.min6c17.css]
[kmidigital.org/wp-content/themes/leverage/assets/css/default6c17.css]
[kmidigital.org/wp-content/themes/leverage/assets/css/support/wordpress6c17.css]
[kmidigital.org/wp-content/themes/leverage/assets/css/support/contact-form-76c17.css]
[kmidigital.org/wp-content/plugins/elementor/assets/lib/eicons/fonts/eicons9506.eot]
[kmidigital.org/wp-content/plugins/elementor/assets/lib/eicons/fonts/eicons9506.woff2]
[kmidigital.org/wp-content/plugins/elementor/assets/lib/eicons/fonts/eicons9506.woff]
[kmidigital.org/wp-content/plugins/elementor/assets/lib/eicons/fonts/eicons9506.ttf]
[kmidigital.org/wp-content/plugins/elementor/assets/lib/eicons/css/elementor-icons.min192d.css]
[kmidigital.org/wp-content/plugins/elementor/assets/css/frontend-lite.min8864.css]
[kmidigital.org/wp-content/plugins/elementor/assets/lib/swiper/css/swiper.min48f5.css]
[kmidigital.org/wp-content/uploads/elementor/css/post-9bf39.css]
[kmidigital.org/wp-content/plugins/elementor/assets/lib/eicons/fonts/eicons9506.svg]
[kmidigital.org/wp-content/uploads/2023/01/WhatsApp-Image-2023-01-15-at-11.13.00.jpg]
[kmidigital.org/wp-content/uploads/elementor/css/post-25106ba.css]
[kmidigital.org/wp-content/plugins/essential-addons-for-elementor-lite/assets/front-end/css/view/general.mina774.css]
[kmidigital.org/wp-includes/js/jquery/jquery.minf43b.js]
[kmidigital.org/wp-includes/js/jquery/jquery-migrate.min5589.js]
[kmidigital.org/wp-content/uploads/elementor/css/post-10502a10.css]
[kmidigital.org/wp-json/wp/v2/pages/1050.json]
[kmidigital.org/wp-json/oembed/1.0/embed5362.json]
[kmidigital.org/wp-json/oembed/1.0/embed4d42]
[kmidigital.org/wp-content/uploads/2023/01/WhatsApp-Image-2023-01-15-at-11.12.15-AM-min.jpg]
[kmidigital.org/wp-content/uploads/2023/01/WhatsApp-Image-2023-01-15-at-11.12.13-AM-min.jpg]
[kmidigital.org/wp-content/uploads/2021/04/bg-8.jpg]
[kmidigital.org/about-us/MW Developers]
[kmidigital.org/about-us/index.html]
[kmidigital.org/wp-content/uploads/elementor/css/post-1063d953.css]
[kmidigital.org/wp-json/wp/v2/pages/1063.json]
[kmidigital.org/wp-json/oembed/1.0/embed4b2a.json]
[kmidigital.org/wp-json/oembed/1.0/embed9d28]
[kmidigital.org/our-services/MW Developers]
[kmidigital.org/our-services/index.html]
[kmidigital.org/wp-content/uploads/elementor/css/post-112924d3.css]
[kmidigital.org/wp-json/wp/v2/pages/1129.json]
[kmidigital.org/wp-json/oembed/1.0/embed0f73.json]
[kmidigital.org/wp-json/oembed/1.0/embed99fc]
[kmidigital.org/contactus/MW Developers]
[kmidigital.org/contactus/index.html]
[kmidigital.org/wp-content/uploads/elementor/css/post-1068fcf4.css]
[kmidigital.org/wp-json/wp/v2/pages/1068.json]
[kmidigital.org/wp-json/oembed/1.0/embed5034.json]
[kmidigital.org/wp-json/oembed/1.0/embed7e2c]
[kmidigital.org/wp-content/uploads/2023/04/KMI-Artist-Label-Management.jpg]
[kmidigital.org/managing-artists-and-labels/MW Developers]
[kmidigital.org/managing-artists-and-labels/index.html]
[kmidigital.org/wp-content/uploads/elementor/css/post-208669eb.css]
[kmidigital.org/wp-json/wp/v2/pages/2086.json]
[kmidigital.org/wp-json/oembed/1.0/embed5b1a.json]
[kmidigital.org/wp-json/oembed/1.0/embeda446]
[kmidigital.org/wp-content/uploads/2023/04/KmiDigital-Music-Distribution.jpg]
[kmidigital.org/music-distribution-and-monetization/MW Developers]
[kmidigital.org/music-distribution-and-monetization/index.html]
[kmidigital.org/wp-content/uploads/elementor/css/post-2099d57e.css]
[kmidigital.org/wp-json/wp/v2/pages/2099.json]
[kmidigital.org/wp-json/oembed/1.0/embeda6d6.json]
[kmidigital.org/wp-json/oembed/1.0/embed8e1a]
[kmidigital.org/wp-content/uploads/2023/04/KMIDigital.jpg]
[kmidigital.org/dealing-with-royalties-and-copyrights/MW Developers]
[kmidigital.org/dealing-with-royalties-and-copyrights/index.html]
[kmidigital.org/wp-content/uploads/elementor/css/post-214920c2.css]
[kmidigital.org/wp-content/plugins/elementor/assets/lib/font-awesome/css/fontawesome.min52d5.css]
[kmidigital.org/wp-content/plugins/elementor/assets/lib/font-awesome/css/solid.min52d5.css]
[kmidigital.org/wp-json/wp/v2/pages/2149.json]
[kmidigital.org/wp-json/oembed/1.0/embedee24.json]
[kmidigital.org/wp-json/oembed/1.0/embed5377]
[kmidigital.org/wp-content/uploads/2023/04/Revamp-Brand-with-KMI-Digital.jpg]
[kmidigital.org/wp-content/uploads/2021/04/team-1.jpg]
[kmidigital.org/revamping-your-brand-with-our-merchandising/MW Developers.8f.delayed]
[kmidigital.org/revamping-your-brand-with-our-merchandising/index.html]
[kmidigital.org/wp-content/uploads/elementor/css/post-212817d4.css]
[kmidigital.org/wp-json/wp/v2/pages/2128.json]
[kmidigital.org/wp-json/oembed/1.0/embedf087.json]
[kmidigital.org/wp-json/oembed/1.0/embed0f05]
[kmidigital.org/wp-content/plugins/elementor/assets/css/widget-icon-list.min.css]
[kmidigital.org/wp-content/uploads/2023/04/KMI-First-Brocher.jpg]
[kmidigital.org/our-mobile-vas/MW Developers]
[kmidigital.org/our-mobile-vas/index.html]
[kmidigital.org/wp-content/uploads/elementor/css/post-2520990c.css]
[kmidigital.org/wp-json/wp/v2/pages/2520.json]
[kmidigital.org/wp-json/oembed/1.0/embed3e59.json]
[kmidigital.org/wp-json/oembed/1.0/embed1bd3]
[kmidigital.org/artist-verification/MW Developers]
[kmidigital.org/artist-verification/index.html]
[kmidigital.org/MW Developers.html]
[kmidigital.org/wp-content/plugins/contact-form-7/includes/swv/js/indexc8d8.js]
[kmidigital.org/wp-content/plugins/contact-form-7/includes/js/indexc8d8.js]
[kmidigital.org/2021/05/12/tips-for-having-a-good-relationship-at-work/index.html]
[kmidigital.org/GET]
[kmidigital.org/wp-content/plugins/wp-statistics/assets/js/trackerb997.js]
[kmidigital.org/wp-content/themes/leverage/assets/js/vendor/jquery.easing.min6c17.js]
[kmidigital.org/wp-content/themes/leverage/assets/js/vendor/jquery.inview.min6c17.js]
[kmidigital.org/wp-content/themes/leverage/assets/js/vendor/popper.min6c17.js]
[kmidigital.org/wp-content/themes/leverage/assets/js/vendor/bootstrap.min6c17.js]
[kmidigital.org/wp-content/themes/leverage/assets/js/vendor/ponyfill.min6c17.js]
[kmidigital.org/wp-content/themes/leverage/assets/js/vendor/slider.min6c17.js]
[kmidigital.org/wp-content/themes/leverage/assets/js/vendor/animation.min6c17.js]
[kmidigital.org/wp-content/themes/leverage/assets/js/vendor/progress-radial.min6c17.js]
[kmidigital.org/wp-content/themes/leverage/assets/js/vendor/bricklayer.min6c17.js]
[kmidigital.org/wp-content/themes/leverage/assets/js/vendor/gallery.min6c17.js]
[kmidigital.org/wp-content/themes/leverage/assets/js/vendor/shuffle.min6c17.js]
[kmidigital.org/wp-content/themes/leverage/assets/js/vendor/particles.min6c17.js]
[kmidigital.org/wp-content/themes/leverage/assets/js/vendor/cookie-notice.min6c17.js]
[kmidigital.org/wp-content/themes/leverage/assets/js/main6c17.js]
[kmidigital.org/wp-includes/js/comment-reply.min75e4.js]
[kmidigital.org/wp-content/plugins/essential-addons-for-elementor-lite/assets/front-end/js/view/general.mina774.js]
[kmidigital.org/wp-content/plugins/elementor/assets/js/webpack.runtime.min8864.js]
[kmidigital.org/wp-content/plugins/elementor/assets/js/frontend-modules.min8864.js]
[kmidigital.org/wp-content/plugins/elementor/assets/lib/waypoints/waypoints.min05da.js]
[kmidigital.org/wp-includes/js/jquery/ui/core.min3f14.js]
[kmidigital.org/wp-content/plugins/elementor/assets/js/frontend.min8864.js]
[kmidigital.org/wp-includes/js/underscore.mind584.js]
[kmidigital.org/wp-includes/js/wp-util.min75e4.js]
[kmidigital.org/wp-content/plugins/wpforms-lite/assets/js/integrations/elementor/frontend.minda65.js]
[kmidigital.org/wp-content/themes/leverage/assets/fonts/icons/Icons-Lineb26c.html]
[kmidigital.org/wp-content/themes/leverage/assets/fonts/gallery/Galleryd641.svg]
[kmidigital.org/wp-content/themes/leverage/assets/images/favicon.html]
[kmidigital.org/wp-content/plugins/elementor/assets/lib/eicons/fonts/eicons9506.svg]
[kmidigital.org/wp-content/uploads/elementor/css/post-10502a10.css]
[kmidigital.org/index93a0.html]
[kmidigital.org/about-us/MW Developers.html]
[kmidigital.org/wp-content/uploads/elementor/css/post-1063d953.css]
[kmidigital.org/index6cfe.html]
[kmidigital.org/our-services/MW Developers.html]
[kmidigital.org/wp-content/uploads/elementor/css/post-112924d3.css]
[kmidigital.org/index6b36.html]
[kmidigital.org/contactus/MW Developers.html]
[kmidigital.org/wp-content/uploads/elementor/css/post-1068fcf4.css]
[kmidigital.org/index8600.html]
[kmidigital.org/managing-artists-and-labels/MW Developers.html]
[kmidigital.org/wp-content/uploads/elementor/css/post-208669eb.css]
[kmidigital.org/index8b9f.html]
[kmidigital.org/music-distribution-and-monetization/MW Developers.html]
[kmidigital.org/wp-content/uploads/elementor/css/post-2099d57e.css]
[kmidigital.org/index8acf.html]
[kmidigital.org/dealing-with-royalties-and-copyrights/MW Developers.html]
[kmidigital.org/wp-content/uploads/elementor/css/post-214920c2.css]
[kmidigital.org/wp-content/plugins/elementor/assets/lib/font-awesome/css/fontawesome.min52d5.css]
[kmidigital.org/wp-content/plugins/elementor/assets/lib/font-awesome/webfonts/fa-solid-900.eot]
[kmidigital.org/wp-content/plugins/elementor/assets/lib/font-awesome/webfonts/fa-solid-900d41d.eot]
[kmidigital.org/wp-content/plugins/elementor/assets/lib/font-awesome/webfonts/fa-solid-900.woff2]
[kmidigital.org/wp-content/plugins/elementor/assets/lib/font-awesome/webfonts/fa-solid-900.woff]
[kmidigital.org/wp-content/plugins/elementor/assets/lib/font-awesome/webfonts/fa-solid-900.ttf]
[kmidigital.org/wp-content/plugins/elementor/assets/lib/font-awesome/css/solid.min52d5.css]
[kmidigital.org/index756f.html]
[kmidigital.org/revamping-your-brand-with-our-merchandising/MW Developers.html]
[kmidigital.org/wp-content/uploads/elementor/css/post-212817d4.css]
[kmidigital.org/index1dc9.html]
[kmidigital.org/wp-content/plugins/elementor/assets/css/widget-icon-list.min.css]
[kmidigital.org/our-mobile-vas/MW Developers.html]
[kmidigital.org/wp-content/uploads/elementor/css/post-2520990c.css]
[kmidigital.org/index93a1.html]
[kmidigital.org/artist-verification/MW Developers.html]
[kmidigital.org/wp-content/plugins/elementor/assets/lib/font-awesome/webfonts/fa-solid-900.svg]
[kmidigital.org/wp-content/uploads/elementor/css/post-1927399a.css]
[kmidigital.org/2021/05/12/tips-for-having-a-good-relationship-at-work/feed/index.html]
[kmidigital.org/wp-json/wp/v2/posts/1927.json]
[kmidigital.org/wp-json/oembed/1.0/embedd4d4.json]
[kmidigital.org/wp-json/oembed/1.0/embed965f]
[kmidigital.org/wp-content/uploads/2021/04/news-4.jpg]
[kmidigital.org/wp-content/uploads/2021/04/news-3.jpg]
[kmidigital.org/wp-content/themes/leverage/assets/images/no-image.png]
[kmidigital.org/category/app/index.html]
[kmidigital.org/author/mwdevelopers/index.html]
[kmidigital.org/category/business/index.html]
[kmidigital.org/category/design/index.html]
[kmidigital.org/wp-content/uploads/2021/04/bg-5.jpg]
[kmidigital.org/category/branding/index.html]
[kmidigital.org/category/mobile/index.html]
[kmidigital.org/category/photography/index.html]
[kmidigital.org/wp-content/uploads/2021/04/bg-7.jpg]
[kmidigital.org/category/uncategorized/index.html]
[kmidigital.org/category/websites/index.html]
[kmidigital.org/wp-content/uploads/2021/05/bg-6.jpg]
[kmidigital.org/category/wordpress/index.html]
[kmidigital.org/wp-content/uploads/2021/04/bg-4.jpg]
[kmidigital.org/tag/banner/index.html]
[kmidigital.org/wp-content/uploads/2021/05/bg-1.jpg]
[kmidigital.org/tag/clean/index.html]
[kmidigital.org/tag/creative/index.html]
[kmidigital.org/2021/05/12/tips-for-having-a-good-relationship-at-work/MW Developers]
[kmidigital.org/2021/05/12/tips-for-having-a-good-relationship-at-work/index.html]
[kmidigital.org/tag/dark/index.html]
[kmidigital.org/GET.html]
[kmidigital.org/tag/elementor/index.html]
[kmidigital.org/tag/gallery/index.html]
[kmidigital.org/tag/image/index.html]
[kmidigital.org/tag/light/index.html]
[kmidigital.org/wp-content/plugins/elementor/assets/lib/font-awesome/webfonts/fa-solid-900.svg]
[kmidigital.org/wp-content/uploads/elementor/css/post-1927399a.css]
[kmidigital.org/tag/minimal/index.html]
[kmidigital.org/index8e9f.html]
[kmidigital.org/tag/original/index.html]
[kmidigital.org/tag/parallax/index.html]
[kmidigital.org/tag/shop/index.html]
[kmidigital.org/tag/sidebar/index.html]
[kmidigital.org/tag/video/index.html]
[kmidigital.org/2023/01/14/hello-world/index.html]
[kmidigital.org/wp-content/themes/leverage/assets/css/vendor/icons-fa.min40df.css]
[kmidigital.org/2021/05/12/data-scientists-are-a-booming-profession/index.html]
[kmidigital.org/wp-json/wp/v2/users/1.json]
[kmidigital.org/2021/05/12/successful-creations-using-virtual-reality/index.html]
[kmidigital.org/2021/05/12/is-the-trend-these-days-working-from-home/index.html]
[kmidigital.org/author/mwdevelopers/MW Developers]
[kmidigital.org/author/mwdevelopers/index.html]
[kmidigital.org/2021/05/12/why-project-management-increases-performance/index.html]
[kmidigital.org/2021/05/12/how-digital-transformation-has-changed-the-world/index.html]
[kmidigital.org/author/mwdevelopers/feed/index.html]
[kmidigital.org/wp-json/wp/v2/categories/2.json]
[kmidigital.org/category/app/feed/index.html]
[kmidigital.org/category/app/MW Developers]
[kmidigital.org/category/app/index.html]
[kmidigital.org/wp-json/wp/v2/categories/3.json]
[kmidigital.org/category/branding/feed/index.html]
[kmidigital.org/category/branding/MW Developers]
[kmidigital.org/category/branding/index.html]
[kmidigital.org/wp-json/wp/v2/categories/4.json]
[kmidigital.org/category/business/feed/index.html]
[kmidigital.org/category/business/MW Developers]
[kmidigital.org/category/business/index.html]
[kmidigital.org/wp-json/wp/v2/categories/5.json]
[kmidigital.org/category/design/feed/index.html]
[kmidigital.org/category/design/MW Developers]
[kmidigital.org/category/design/index.html]
[kmidigital.org/wp-json/wp/v2/categories/6.json]
[kmidigital.org/category/mobile/feed/index.html]
[kmidigital.org/category/mobile/MW Developers]
[kmidigital.org/category/mobile/index.html]
[kmidigital.org/wp-json/wp/v2/categories/7.json]
[kmidigital.org/category/photography/feed/index.html]
[kmidigital.org/category/photography/MW Developers.bf.delayed]
[kmidigital.org/category/photography/index.html]
[kmidigital.org/wp-json/wp/v2/categories/1.json]
[kmidigital.org/category/uncategorized/feed/index.html]
[kmidigital.org/category/uncategorized/MW Developers]
[kmidigital.org/category/uncategorized/index.html]
[kmidigital.org/wp-json/wp/v2/categories/8.json]
[kmidigital.org/category/websites/feed/index.html]
[kmidigital.org/category/websites/MW Developers]
[kmidigital.org/category/websites/index.html]
[kmidigital.org/wp-json/wp/v2/categories/9.json]
[kmidigital.org/category/wordpress/feed/index.html]
[kmidigital.org/category/wordpress/MW Developers]
[kmidigital.org/category/wordpress/index.html]
[kmidigital.org/wp-json/wp/v2/tags/10.json]
[kmidigital.org/tag/banner/feed/index.html]
[kmidigital.org/tag/banner/MW Developers]
[kmidigital.org/tag/banner/index.html]
[kmidigital.org/wp-json/wp/v2/tags/11.json]
[kmidigital.org/tag/clean/feed/index.html]
[kmidigital.org/tag/clean/MW Developers]
[kmidigital.org/tag/clean/index.html]
[kmidigital.org/wp-json/wp/v2/tags/12.json]
[kmidigital.org/tag/creative/MW Developers]
[kmidigital.org/tag/creative/index.html]
[kmidigital.org/tag/dark/feed/index.html]
[kmidigital.org/tag/creative/feed/index.html]
[kmidigital.org/wp-json/wp/v2/tags/13.json]
[kmidigital.org/tag/dark/MW Developers]
[kmidigital.org/tag/dark/index.html]
[kmidigital.org/wp-json/wp/v2/tags/14.json]
[kmidigital.org/tag/elementor/feed/index.html]
[kmidigital.org/tag/elementor/MW Developers]
[kmidigital.org/tag/elementor/index.html]
[kmidigital.org/wp-json/wp/v2/tags/15.json]
[kmidigital.org/tag/gallery/feed/index.html]
[kmidigital.org/tag/gallery/MW Developers]
[kmidigital.org/tag/gallery/index.html]
[kmidigital.org/wp-json/wp/v2/tags/16.json]
[kmidigital.org/tag/image/feed/index.html]
[kmidigital.org/tag/image/MW Developers]
[kmidigital.org/tag/image/index.html]
[kmidigital.org/wp-json/wp/v2/tags/17.json]
[kmidigital.org/tag/light/feed/index.html]
[kmidigital.org/tag/light/MW Developers]
[kmidigital.org/tag/light/index.html]
[kmidigital.org/wp-json/wp/v2/tags/18.json]
[kmidigital.org/tag/minimal/feed/index.html]
[kmidigital.org/tag/minimal/MW Developers]
[kmidigital.org/tag/minimal/index.html]
[kmidigital.org/wp-json/wp/v2/tags/19.json]
[kmidigital.org/tag/original/feed/index.html]
[kmidigital.org/tag/original/MW Developers]
[kmidigital.org/tag/original/index.html]
[kmidigital.org/wp-json/wp/v2/tags/20.json]
[kmidigital.org/tag/parallax/feed/index.html]
[kmidigital.org/tag/parallax/MW Developers]
[kmidigital.org/tag/parallax/index.html]
[kmidigital.org/wp-json/wp/v2/tags/21.json]
[kmidigital.org/tag/shop/feed/index.html]
[kmidigital.org/tag/shop/MW Developers]
[kmidigital.org/tag/shop/index.html]
[kmidigital.org/wp-json/wp/v2/tags/22.json]
[kmidigital.org/tag/sidebar/MW Developers]
[kmidigital.org/tag/sidebar/index.html]
[kmidigital.org/tag/sidebar/feed/index.html]
[kmidigital.org/wp-json/wp/v2/tags/23.json]
[kmidigital.org/tag/video/feed/index.html]
[kmidigital.org/tag/video/MW Developers]
[kmidigital.org/tag/video/index.html]
[kmidigital.org/wp-json/wp/v2/posts/1.json]
[kmidigital.org/2023/01/14/hello-world/feed/index.html]
[kmidigital.org/wp-json/oembed/1.0/embedd8c9.json]
[kmidigital.org/wp-json/oembed/1.0/embedb876]
[kmidigital.org/xmlrpc.php]
[kmidigital.org/2023/01/14/hello-world/MW Developers]
[kmidigital.org/2023/01/14/hello-world/index.html]
[kmidigital.org/2023/01/14/hello-world/index6809.html]
[kmidigital.org/wp-content/uploads/elementor/css/post-1926399a.css]
[kmidigital.org/2021/05/12/data-scientists-are-a-booming-profession/feed/index.html]
[kmidigital.org/wp-json/wp/v2/posts/1926.json]
[kmidigital.org/wp-json/oembed/1.0/embedcce0.json]
[kmidigital.org/wp-json/oembed/1.0/embedf231]
[kmidigital.org/wp-content/uploads/2021/05/news-7-h.jpg]
[kmidigital.org/wp-content/uploads/2021/05/news-11-h.jpg]
[kmidigital.org/wp-content/uploads/2021/05/news-2-h.jpg]
[kmidigital.org/wp-content/uploads/2021/05/news-10-h.jpg]
[kmidigital.org/wp-content/uploads/2021/05/news-8-h.jpg]
[kmidigital.org/wp-content/uploads/2021/05/news-9-h.jpg]
[kmidigital.org/2021/05/12/data-scientists-are-a-booming-profession/MW Developers]
[kmidigital.org/2021/05/12/data-scientists-are-a-booming-profession/index.html]
[kmidigital.org/wp-content/uploads/elementor/css/post-1925399a.css]
[kmidigital.org/2021/05/12/successful-creations-using-virtual-reality/feed/index.html]
[kmidigital.org/wp-json/wp/v2/posts/1925.json]
[kmidigital.org/wp-json/oembed/1.0/embed7613.json]
[kmidigital.org/wp-json/oembed/1.0/embed1a8b]
[kmidigital.org/2021/05/12/successful-creations-using-virtual-reality/MW Developers]
[kmidigital.org/2021/05/12/successful-creations-using-virtual-reality/index.html]
[kmidigital.org/wp-content/uploads/elementor/css/post-1924a689.css]
[kmidigital.org/2021/05/12/is-the-trend-these-days-working-from-home/feed/index.html]
[kmidigital.org/wp-json/wp/v2/posts/1924.json]
[kmidigital.org/wp-json/oembed/1.0/embed5424.json]
[kmidigital.org/wp-json/oembed/1.0/embedb65b]
[kmidigital.org/2021/05/12/is-the-trend-these-days-working-from-home/MW Developers]
[kmidigital.org/2021/05/12/is-the-trend-these-days-working-from-home/index.html]
[kmidigital.org/wp-content/uploads/elementor/css/post-1928399a.css]
[kmidigital.org/2021/05/12/why-project-management-increases-performance/feed/index.html]
[kmidigital.org/wp-json/wp/v2/posts/1928.json]
[kmidigital.org/wp-json/oembed/1.0/embed0f0c.json]
[kmidigital.org/wp-json/oembed/1.0/embed85a4]
[kmidigital.org/2021/05/12/why-project-management-increases-performance/MW Developers]
[kmidigital.org/2021/05/12/why-project-management-increases-performance/index.html]
[kmidigital.org/wp-content/uploads/elementor/css/post-1921399a.css]
[kmidigital.org/2021/05/12/how-digital-transformation-has-changed-the-world/feed/index.html]
[kmidigital.org/wp-json/wp/v2/posts/1921.json]
[kmidigital.org/wp-json/oembed/1.0/embed5408.json]
[kmidigital.org/wp-json/oembed/1.0/embed6833]
[kmidigital.org/2021/05/12/how-digital-transformation-has-changed-the-world/MW Developers]
[kmidigital.org/2021/05/12/how-digital-transformation-has-changed-the-world/index.html]
[kmidigital.org/2021/05/12/tips-for-having-a-good-relationship-at-work/MW Developers.html]
[kmidigital.org/wp-content/themes/leverage/assets/fonts/icons-fa/fa-brands-400.eot]
[kmidigital.org/wp-content/themes/leverage/assets/fonts/icons-fa/fa-brands-400d41d.eot]
[kmidigital.org/wp-content/themes/leverage/assets/fonts/icons-fa/fa-brands-400.woff2]
[kmidigital.org/wp-content/themes/leverage/assets/fonts/icons-fa/fa-brands-400.woff]
[kmidigital.org/wp-content/themes/leverage/assets/fonts/icons-fa/fa-brands-400.ttf]
[kmidigital.org/wp-content/themes/leverage/assets/fonts/icons-fa/fa-regular-400.eot]
[kmidigital.org/wp-content/themes/leverage/assets/fonts/icons-fa/fa-brands-400.svg]
[kmidigital.org/wp-content/themes/leverage/assets/fonts/icons-fa/fa-regular-400d41d.eot]
[kmidigital.org/wp-content/themes/leverage/assets/fonts/icons-fa/fa-regular-400.woff2]
[kmidigital.org/wp-content/themes/leverage/assets/fonts/icons-fa/fa-regular-400.woff]
[kmidigital.org/wp-content/themes/leverage/assets/fonts/icons-fa/fa-regular-400.ttf]
[kmidigital.org/wp-content/themes/leverage/assets/fonts/icons-fa/fa-regular-400.svg]
[kmidigital.org/wp-content/themes/leverage/assets/fonts/icons-fa/fa-solid-900.eot]
[kmidigital.org/wp-content/themes/leverage/assets/fonts/icons-fa/fa-solid-900d41d.eot]
[kmidigital.org/wp-content/themes/leverage/assets/fonts/icons-fa/fa-solid-900.woff2]
[kmidigital.org/wp-content/themes/leverage/assets/fonts/icons-fa/fa-solid-900.woff]
[kmidigital.org/wp-content/themes/leverage/assets/fonts/icons-fa/fa-solid-900.ttf]
[kmidigital.org/wp-content/themes/leverage/assets/css/vendor/icons-fa.min40df.css]
[kmidigital.org/author/mwdevelopers/MW Developers.html]
[kmidigital.org/category/app/MW Developers.html]
[kmidigital.org/category/branding/MW Developers.html]
[kmidigital.org/category/business/MW Developers.html]
[kmidigital.org/category/design/MW Developers.html]
[kmidigital.org/category/mobile/MW Developers.html]
[kmidigital.org/category/photography/MW Developers.html]
[kmidigital.org/category/uncategorized/MW Developers.html]
[kmidigital.org/category/websites/MW Developers.html]
[kmidigital.org/category/wordpress/MW Developers.html]
[kmidigital.org/tag/banner/MW Developers.html]
[kmidigital.org/tag/clean/MW Developers.html]
[kmidigital.org/tag/creative/MW Developers.html]
[kmidigital.org/tag/dark/MW Developers.html]
[kmidigital.org/tag/elementor/MW Developers.html]
[kmidigital.org/tag/gallery/MW Developers.html]
[kmidigital.org/tag/image/MW Developers.html]
[kmidigital.org/tag/light/MW Developers.html]
[kmidigital.org/tag/minimal/MW Developers.html]
[kmidigital.org/tag/original/MW Developers.html]
[kmidigital.org/tag/parallax/MW Developers.html]
[kmidigital.org/tag/shop/MW Developers.html]
[kmidigital.org/tag/sidebar/MW Developers.html]
[kmidigital.org/tag/video/MW Developers.html]
[kmidigital.org/indexcff1.html]
[kmidigital.org/xmlrpc.php]
[kmidigital.org/2023/01/14/hello-world/index6809.html]
[kmidigital.org/2023/01/14/hello-world/MW Developers.html]
[kmidigital.org/wp-content/uploads/elementor/css/post-1926399a.css]
[kmidigital.org/index913e.html]
[kmidigital.org/2021/05/12/data-scientists-are-a-booming-profession/MW Developers.html]
[kmidigital.org/wp-content/uploads/elementor/css/post-1925399a.css]
[kmidigital.org/index46b2.html]
[kmidigital.org/2021/05/12/successful-creations-using-virtual-reality/MW Developers.html]
[kmidigital.org/wp-content/uploads/elementor/css/post-1924a689.css]
[kmidigital.org/index2abc.html]
[kmidigital.org/2021/05/12/is-the-trend-these-days-working-from-home/MW Developers.html]
[kmidigital.org/wp-content/uploads/elementor/css/post-1928399a.css]
[kmidigital.org/indexdb27.html]
[kmidigital.org/2021/05/12/why-project-management-increases-performance/MW Developers.html]
[kmidigital.org/wp-content/uploads/elementor/css/post-1921399a.css]
[kmidigital.org/index4dfd.html]
[kmidigital.org/2021/05/12/how-digital-transformation-has-changed-the-world/MW Developers.html]
[kmidigital.org/wp-content/themes/leverage/assets/fonts/icons-fa/fa-brands-400.svg]
[kmidigital.org/wp-content/themes/leverage/assets/fonts/icons-fa/fa-regular-400.svg]
[kmidigital.org/wp-content/themes/leverage/assets/fonts/icons-fa/fa-solid-900.svg]
[kmidigital.org/wp-content/themes/leverage/assets/fonts/icons-fa/fa-solid-900.svg]
